# JRE version: OpenJDK Runtime Environment (8.0_152-b02) (build 1.8.0_152-release-1024-b02)
# Java VM: OpenJDK 64-Bit Server VM (25.152-b02 mixed mode windows-amd64 compressed oops)
Heap:
 PSYoungGen      total 211968K, used 71165K [0x00000000e0000000, 0x00000000f1200000, 0x0000000100000000)
  eden space 194560K, 36% used [0x00000000e0000000,0x00000000e457f6b8,0x00000000ebe00000)
  from space 17408K, 0% used [0x00000000ebe00000,0x00000000ebe00000,0x00000000ecf00000)
  to   space 30208K, 0% used [0x00000000ef480000,0x00000000ef480000,0x00000000f1200000)
 ParOldGen       total 84992K, used 80902K [0x00000000a0000000, 0x00000000a5300000, 0x00000000e0000000)
  object space 84992K, 95% used [0x00000000a0000000,0x00000000a4f019c8,0x00000000a5300000)
 Metaspace       used 65590K, capacity 67394K, committed 67840K, reserved 1107968K
  class space    used 8670K, capacity 9090K, committed 9216K, reserved 1048576K
GC Heap History (10 events):
Event: 22.191 GC heap before
{Heap before GC invocations=15 (full 2):
 PSYoungGen      total 165376K, used 56771K [0x00000000e0000000, 0x00000000eb300000, 0x0000000100000000)
  eden space 153088K, 29% used [0x00000000e0000000,0x00000000e2c545c8,0x00000000e9580000)
  from space 12288K, 92% used [0x00000000ea280000,0x00000000ead9c7e0,0x00000000eae80000)
  to   space 13312K, 0% used [0x00000000e9580000,0x00000000e9580000,0x00000000ea280000)
 ParOldGen       total 84992K, used 25685K [0x00000000a0000000, 0x00000000a5300000, 0x00000000e0000000)
  object space 84992K, 30% used [0x00000000a0000000,0x00000000a1915518,0x00000000a5300000)
 Metaspace       used 57220K, capacity 58914K, committed 59008K, reserved 1099776K
  class space    used 7840K, capacity 8264K, committed 8320K, reserved 1048576K
Event: 22.224 GC heap after
Heap after GC invocations=15 (full 2):
 PSYoungGen      total 166400K, used 5534K [0x00000000e0000000, 0x00000000ee000000, 0x0000000100000000)
  eden space 153088K, 0% used [0x00000000e0000000,0x00000000e0000000,0x00000000e9580000)
  from space 13312K, 41% used [0x00000000e9580000,0x00000000e9ae7870,0x00000000ea280000)
  to   space 13312K, 0% used [0x00000000ed300000,0x00000000ed300000,0x00000000ee000000)
 ParOldGen       total 84992K, used 31971K [0x00000000a0000000, 0x00000000a5300000, 0x00000000e0000000)
  object space 84992K, 37% used [0x00000000a0000000,0x00000000a1f38df8,0x00000000a5300000)
 Metaspace       used 57220K, capacity 58914K, committed 59008K, reserved 1099776K
  class space    used 7840K, capacity 8264K, committed 8320K, reserved 1048576K
}
Event: 22.224 GC heap before
{Heap before GC invocations=16 (full 3):
 PSYoungGen      total 166400K, used 5534K [0x00000000e0000000, 0x00000000ee000000, 0x0000000100000000)
  eden space 153088K, 0% used [0x00000000e0000000,0x00000000e0000000,0x00000000e9580000)
  from space 13312K, 41% used [0x00000000e9580000,0x00000000e9ae7870,0x00000000ea280000)
  to   space 13312K, 0% used [0x00000000ed300000,0x00000000ed300000,0x00000000ee000000)
 ParOldGen       total 84992K, used 31971K [0x00000000a0000000, 0x00000000a5300000, 0x00000000e0000000)
  object space 84992K, 37% used [0x00000000a0000000,0x00000000a1f38df8,0x00000000a5300000)
 Metaspace       used 57220K, capacity 58914K, committed 59008K, reserved 1099776K
  class space    used 7840K, capacity 8264K, committed 8320K, reserved 1048576K
Event: 22.799 GC heap after
Heap after GC invocations=16 (full 3):
 PSYoungGen      total 166400K, used 0K [0x00000000e0000000, 0x00000000ee000000, 0x0000000100000000)
  eden space 153088K, 0% used [0x00000000e0000000,0x00000000e0000000,0x00000000e9580000)
  from space 13312K, 0% used [0x00000000e9580000,0x00000000e9580000,0x00000000ea280000)
  to   space 13312K, 0% used [0x00000000ed300000,0x00000000ed300000,0x00000000ee000000)
 ParOldGen       total 84992K, used 35814K [0x00000000a0000000, 0x00000000a5300000, 0x00000000e0000000)
  object space 84992K, 42% used [0x00000000a0000000,0x00000000a22f9aa8,0x00000000a5300000)
 Metaspace       used 57220K, capacity 58914K, committed 59008K, reserved 1099776K
  class space    used 7840K, capacity 8264K, committed 8320K, reserved 1048576K
}
Event: 49.768 GC heap before
{Heap before GC invocations=17 (full 3):
 PSYoungGen      total 166400K, used 153088K [0x00000000e0000000, 0x00000000ee000000, 0x0000000100000000)
  eden space 153088K, 100% used [0x00000000e0000000,0x00000000e9580000,0x00000000e9580000)
  from space 13312K, 0% used [0x00000000e9580000,0x00000000e9580000,0x00000000ea280000)
  to   space 13312K, 0% used [0x00000000ed300000,0x00000000ed300000,0x00000000ee000000)
 ParOldGen       total 84992K, used 35814K [0x00000000a0000000, 0x00000000a5300000, 0x00000000e0000000)
  object space 84992K, 42% used [0x00000000a0000000,0x00000000a22f9aa8,0x00000000a5300000)
 Metaspace       used 63007K, capacity 64830K, committed 65152K, reserved 1105920K
  class space    used 8532K, capacity 8988K, committed 9088K, reserved 1048576K
Event: 49.803 GC heap after
Heap after GC invocations=17 (full 3):
 PSYoungGen      total 198144K, used 13292K [0x00000000e0000000, 0x00000000ee000000, 0x0000000100000000)
  eden space 184832K, 0% used [0x00000000e0000000,0x00000000e0000000,0x00000000eb480000)
  from space 13312K, 99% used [0x00000000ed300000,0x00000000edffb098,0x00000000ee000000)
  to   space 17408K, 0% used [0x00000000ebe00000,0x00000000ebe00000,0x00000000ecf00000)
 ParOldGen       total 84992K, used 42893K [0x00000000a0000000, 0x00000000a5300000, 0x00000000e0000000)
  object space 84992K, 50% used [0x00000000a0000000,0x00000000a29e37a8,0x00000000a5300000)
 Metaspace       used 63007K, capacity 64830K, committed 65152K, reserved 1105920K
  class space    used 8532K, capacity 8988K, committed 9088K, reserved 1048576K
}
Event: 62.081 GC heap before
{Heap before GC invocations=18 (full 3):
 PSYoungGen      total 198144K, used 198124K [0x00000000e0000000, 0x00000000ee000000, 0x0000000100000000)
  eden space 184832K, 100% used [0x00000000e0000000,0x00000000eb480000,0x00000000eb480000)
  from space 13312K, 99% used [0x00000000ed300000,0x00000000edffb098,0x00000000ee000000)
  to   space 17408K, 0% used [0x00000000ebe00000,0x00000000ebe00000,0x00000000ecf00000)
 ParOldGen       total 84992K, used 42893K [0x00000000a0000000, 0x00000000a5300000, 0x00000000e0000000)
  object space 84992K, 50% used [0x00000000a0000000,0x00000000a29e37a8,0x00000000a5300000)
 Metaspace       used 65242K, capacity 66980K, committed 67200K, reserved 1107968K
  class space    used 8642K, capacity 9085K, committed 9088K, reserved 1048576K
Event: 62.177 GC heap after
Heap after GC invocations=18 (full 3):
 PSYoungGen      total 211968K, used 17395K [0x00000000e0000000, 0x00000000f1200000, 0x0000000100000000)
  eden space 194560K, 0% used [0x00000000e0000000,0x00000000e0000000,0x00000000ebe00000)
  from space 17408K, 99% used [0x00000000ebe00000,0x00000000ecefcec8,0x00000000ecf00000)
  to   space 30208K, 0% used [0x00000000ef480000,0x00000000ef480000,0x00000000f1200000)
 ParOldGen       total 84992K, used 70501K [0x00000000a0000000, 0x00000000a5300000, 0x00000000e0000000)
  object space 84992K, 82% used [0x00000000a0000000,0x00000000a44d9550,0x00000000a5300000)
 Metaspace       used 65242K, capacity 66980K, committed 67200K, reserved 1107968K
  class space    used 8642K, capacity 9085K, committed 9088K, reserved 1048576K
}
Event: 62.177 GC heap before
{Heap before GC invocations=19 (full 4):
 PSYoungGen      total 211968K, used 17395K [0x00000000e0000000, 0x00000000f1200000, 0x0000000100000000)
  eden space 194560K, 0% used [0x00000000e0000000,0x00000000e0000000,0x00000000ebe00000)
  from space 17408K, 99% used [0x00000000ebe00000,0x00000000ecefcec8,0x00000000ecf00000)
  to   space 30208K, 0% used [0x00000000ef480000,0x00000000ef480000,0x00000000f1200000)
 ParOldGen       total 84992K, used 70501K [0x00000000a0000000, 0x00000000a5300000, 0x00000000e0000000)
  object space 84992K, 82% used [0x00000000a0000000,0x00000000a44d9550,0x00000000a5300000)
 Metaspace       used 65242K, capacity 66980K, committed 67200K, reserved 1107968K
  class space    used 8642K, capacity 9085K, committed 9088K, reserved 1048576K
Event: 62.581 GC heap after
Heap after GC invocations=19 (full 4):
 PSYoungGen      total 211968K, used 0K [0x00000000e0000000, 0x00000000f1200000, 0x0000000100000000)
  eden space 194560K, 0% used [0x00000000e0000000,0x00000000e0000000,0x00000000ebe00000)
  from space 17408K, 0% used [0x00000000ebe00000,0x00000000ebe00000,0x00000000ecf00000)
  to   space 30208K, 0% used [0x00000000ef480000,0x00000000ef480000,0x00000000f1200000)
 ParOldGen       total 84992K, used 80902K [0x00000000a0000000, 0x00000000a5300000, 0x00000000e0000000)
  object space 84992K, 95% used [0x00000000a0000000,0x00000000a4f019c8,0x00000000a5300000)
 Metaspace       used 65242K, capacity 66980K, committed 67200K, reserved 1107968K
  class space    used 8642K, capacity 9085K, committed 9088K, reserved 1048576K
}

