# JRE version: OpenJDK Runtime Environment (8.0_152-b02) (build 1.8.0_152-release-1024-b02)
# Java VM: OpenJDK 64-Bit Server VM (25.152-b02 mixed mode windows-amd64 compressed oops)
Heap:
 PSYoungGen      total 130048K, used 17959K [0x00000000e0000000, 0x00000000ebc00000, 0x0000000100000000)
  eden space 114176K, 1% used [0x00000000e0000000,0x00000000e0210dc0,0x00000000e6f80000)
  from space 15872K, 99% used [0x00000000e6f80000,0x00000000e7ef9058,0x00000000e7f00000)
  to   space 21504K, 0% used [0x00000000ea700000,0x00000000ea700000,0x00000000ebc00000)
 ParOldGen       total 94720K, used 30294K [0x00000000a0000000, 0x00000000a5c80000, 0x00000000e0000000)
  object space 94720K, 31% used [0x00000000a0000000,0x00000000a1d959b0,0x00000000a5c80000)
 Metaspace       used 56993K, capacity 58770K, committed 58968K, reserved 1099776K
  class space    used 7819K, capacity 8238K, committed 8320K, reserved 1048576K
GC Heap History (10 events):
Event: 13.196 GC heap before
{Heap before GC invocations=11 (full 2):
 PSYoungGen      total 79360K, used 8483K [0x00000000e0000000, 0x00000000e6f80000, 0x0000000100000000)
  eden space 68096K, 0% used [0x00000000e0000000,0x00000000e0000000,0x00000000e4280000)
  from space 11264K, 75% used [0x00000000e4280000,0x00000000e4ac8e08,0x00000000e4d80000)
  to   space 11264K, 0% used [0x00000000e6480000,0x00000000e6480000,0x00000000e6f80000)
 ParOldGen       total 64512K, used 8620K [0x00000000a0000000, 0x00000000a3f00000, 0x00000000e0000000)
  object space 64512K, 13% used [0x00000000a0000000,0x00000000a086b188,0x00000000a3f00000)
 Metaspace       used 34709K, capacity 35306K, committed 35416K, reserved 1079296K
  class space    used 4784K, capacity 4971K, committed 4992K, reserved 1048576K
Event: 13.321 GC heap after
Heap after GC invocations=11 (full 2):
 PSYoungGen      total 79360K, used 0K [0x00000000e0000000, 0x00000000e6f80000, 0x0000000100000000)
  eden space 68096K, 0% used [0x00000000e0000000,0x00000000e0000000,0x00000000e4280000)
  from space 11264K, 0% used [0x00000000e4280000,0x00000000e4280000,0x00000000e4d80000)
  to   space 11264K, 0% used [0x00000000e6480000,0x00000000e6480000,0x00000000e6f80000)
 ParOldGen       total 94720K, used 15001K [0x00000000a0000000, 0x00000000a5c80000, 0x00000000e0000000)
  object space 94720K, 15% used [0x00000000a0000000,0x00000000a0ea6418,0x00000000a5c80000)
 Metaspace       used 34709K, capacity 35306K, committed 35416K, reserved 1079296K
  class space    used 4784K, capacity 4971K, committed 4992K, reserved 1048576K
}
Event: 14.806 GC heap before
{Heap before GC invocations=12 (full 2):
 PSYoungGen      total 79360K, used 68096K [0x00000000e0000000, 0x00000000e6f80000, 0x0000000100000000)
  eden space 68096K, 100% used [0x00000000e0000000,0x00000000e4280000,0x00000000e4280000)
  from space 11264K, 0% used [0x00000000e4280000,0x00000000e4280000,0x00000000e4d80000)
  to   space 11264K, 0% used [0x00000000e6480000,0x00000000e6480000,0x00000000e6f80000)
 ParOldGen       total 94720K, used 15001K [0x00000000a0000000, 0x00000000a5c80000, 0x00000000e0000000)
  object space 94720K, 15% used [0x00000000a0000000,0x00000000a0ea6418,0x00000000a5c80000)
 Metaspace       used 38240K, capacity 38942K, committed 39256K, reserved 1083392K
  class space    used 5215K, capacity 5433K, committed 5504K, reserved 1048576K
Event: 14.823 GC heap after
Heap after GC invocations=12 (full 2):
 PSYoungGen      total 97792K, used 6611K [0x00000000e0000000, 0x00000000e6c80000, 0x0000000100000000)
  eden space 89600K, 0% used [0x00000000e0000000,0x00000000e0000000,0x00000000e5780000)
  from space 8192K, 80% used [0x00000000e6480000,0x00000000e6af4fa0,0x00000000e6c80000)
  to   space 10752K, 0% used [0x00000000e5780000,0x00000000e5780000,0x00000000e6200000)
 ParOldGen       total 94720K, used 15009K [0x00000000a0000000, 0x00000000a5c80000, 0x00000000e0000000)
  object space 94720K, 15% used [0x00000000a0000000,0x00000000a0ea8418,0x00000000a5c80000)
 Metaspace       used 38240K, capacity 38942K, committed 39256K, reserved 1083392K
  class space    used 5215K, capacity 5433K, committed 5504K, reserved 1048576K
}
Event: 18.891 GC heap before
{Heap before GC invocations=13 (full 2):
 PSYoungGen      total 97792K, used 96211K [0x00000000e0000000, 0x00000000e6c80000, 0x0000000100000000)
  eden space 89600K, 100% used [0x00000000e0000000,0x00000000e5780000,0x00000000e5780000)
  from space 8192K, 80% used [0x00000000e6480000,0x00000000e6af4fa0,0x00000000e6c80000)
  to   space 10752K, 0% used [0x00000000e5780000,0x00000000e5780000,0x00000000e6200000)
 ParOldGen       total 94720K, used 15009K [0x00000000a0000000, 0x00000000a5c80000, 0x00000000e0000000)
  object space 94720K, 15% used [0x00000000a0000000,0x00000000a0ea8418,0x00000000a5c80000)
 Metaspace       used 45340K, capacity 46336K, committed 46424K, reserved 1089536K
  class space    used 6229K, capacity 6523K, committed 6528K, reserved 1048576K
Event: 18.922 GC heap after
Heap after GC invocations=13 (full 2):
 PSYoungGen      total 100352K, used 10732K [0x00000000e0000000, 0x00000000e8c80000, 0x0000000100000000)
  eden space 89600K, 0% used [0x00000000e0000000,0x00000000e0000000,0x00000000e5780000)
  from space 10752K, 99% used [0x00000000e5780000,0x00000000e61fb300,0x00000000e6200000)
  to   space 13824K, 0% used [0x00000000e7f00000,0x00000000e7f00000,0x00000000e8c80000)
 ParOldGen       total 94720K, used 19272K [0x00000000a0000000, 0x00000000a5c80000, 0x00000000e0000000)
  object space 94720K, 20% used [0x00000000a0000000,0x00000000a12d22e8,0x00000000a5c80000)
 Metaspace       used 45340K, capacity 46336K, committed 46424K, reserved 1089536K
  class space    used 6229K, capacity 6523K, committed 6528K, reserved 1048576K
}
Event: 20.942 GC heap before
{Heap before GC invocations=14 (full 2):
 PSYoungGen      total 100352K, used 100332K [0x00000000e0000000, 0x00000000e8c80000, 0x0000000100000000)
  eden space 89600K, 100% used [0x00000000e0000000,0x00000000e5780000,0x00000000e5780000)
  from space 10752K, 99% used [0x00000000e5780000,0x00000000e61fb300,0x00000000e6200000)
  to   space 13824K, 0% used [0x00000000e7f00000,0x00000000e7f00000,0x00000000e8c80000)
 ParOldGen       total 94720K, used 19272K [0x00000000a0000000, 0x00000000a5c80000, 0x00000000e0000000)
  object space 94720K, 20% used [0x00000000a0000000,0x00000000a12d22e8,0x00000000a5c80000)
 Metaspace       used 48935K, capacity 50070K, committed 50264K, reserved 1093632K
  class space    used 6592K, capacity 6928K, committed 7040K, reserved 1048576K
Event: 20.984 GC heap after
Heap after GC invocations=14 (full 2):
 PSYoungGen      total 128000K, used 13801K [0x00000000e0000000, 0x00000000e9200000, 0x0000000100000000)
  eden space 114176K, 0% used [0x00000000e0000000,0x00000000e0000000,0x00000000e6f80000)
  from space 13824K, 99% used [0x00000000e7f00000,0x00000000e8c7a788,0x00000000e8c80000)
  to   space 15872K, 0% used [0x00000000e6f80000,0x00000000e6f80000,0x00000000e7f00000)
 ParOldGen       total 94720K, used 21354K [0x00000000a0000000, 0x00000000a5c80000, 0x00000000e0000000)
  object space 94720K, 22% used [0x00000000a0000000,0x00000000a14da978,0x00000000a5c80000)
 Metaspace       used 48935K, capacity 50070K, committed 50264K, reserved 1093632K
  class space    used 6592K, capacity 6928K, committed 7040K, reserved 1048576K
}
Event: 24.924 GC heap before
{Heap before GC invocations=15 (full 2):
 PSYoungGen      total 128000K, used 127977K [0x00000000e0000000, 0x00000000e9200000, 0x0000000100000000)
  eden space 114176K, 100% used [0x00000000e0000000,0x00000000e6f80000,0x00000000e6f80000)
  from space 13824K, 99% used [0x00000000e7f00000,0x00000000e8c7a788,0x00000000e8c80000)
  to   space 15872K, 0% used [0x00000000e6f80000,0x00000000e6f80000,0x00000000e7f00000)
 ParOldGen       total 94720K, used 21354K [0x00000000a0000000, 0x00000000a5c80000, 0x00000000e0000000)
  object space 94720K, 22% used [0x00000000a0000000,0x00000000a14da978,0x00000000a5c80000)
 Metaspace       used 56643K, capacity 58418K, committed 58712K, reserved 1099776K
  class space    used 7784K, capacity 8206K, committed 8320K, reserved 1048576K
Event: 24.978 GC heap after
Heap after GC invocations=15 (full 2):
 PSYoungGen      total 130048K, used 15844K [0x00000000e0000000, 0x00000000ebc00000, 0x0000000100000000)
  eden space 114176K, 0% used [0x00000000e0000000,0x00000000e0000000,0x00000000e6f80000)
  from space 15872K, 99% used [0x00000000e6f80000,0x00000000e7ef9058,0x00000000e7f00000)
  to   space 21504K, 0% used [0x00000000ea700000,0x00000000ea700000,0x00000000ebc00000)
 ParOldGen       total 94720K, used 30294K [0x00000000a0000000, 0x00000000a5c80000, 0x00000000e0000000)
  object space 94720K, 31% used [0x00000000a0000000,0x00000000a1d959b0,0x00000000a5c80000)
 Metaspace       used 56643K, capacity 58418K, committed 58712K, reserved 1099776K
  class space    used 7784K, capacity 8206K, committed 8320K, reserved 1048576K
}

