# JRE version: OpenJDK Runtime Environment (8.0_152-b02) (build 1.8.0_152-release-1024-b02)
# Java VM: OpenJDK 64-Bit Server VM (25.152-b02 mixed mode windows-amd64 compressed oops)
Heap:
 PSYoungGen      total 347136K, used 61251K [0x00000000e0000000, 0x00000000f8d80000, 0x0000000100000000)
  eden space 291840K, 18% used [0x00000000e0000000,0x00000000e35cce20,0x00000000f1d00000)
  from space 55296K, 11% used [0x00000000f1d00000,0x00000000f2304030,0x00000000f5300000)
  to   space 56320K, 0% used [0x00000000f5680000,0x00000000f5680000,0x00000000f8d80000)
 ParOldGen       total 194048K, used 57972K [0x00000000a0000000, 0x00000000abd80000, 0x00000000e0000000)
  object space 194048K, 29% used [0x00000000a0000000,0x00000000a389d0b0,0x00000000abd80000)
 Metaspace       used 92078K, capacity 97540K, committed 98348K, reserved 1134592K
  class space    used 11368K, capacity 12307K, committed 12544K, reserved 1048576K
GC Heap History (10 events):
Event: 4932.426 GC heap before
{Heap before GC invocations=25 (full 3):
 PSYoungGen      total 352256K, used 352061K [0x00000000e0000000, 0x00000000fa300000, 0x0000000100000000)
  eden space 316416K, 100% used [0x00000000e0000000,0x00000000f3500000,0x00000000f3500000)
  from space 35840K, 99% used [0x00000000f4180000,0x00000000f644f4a8,0x00000000f6480000)
  to   space 56320K, 0% used [0x00000000f6c00000,0x00000000f6c00000,0x00000000fa300000)
 ParOldGen       total 130048K, used 62913K [0x00000000a0000000, 0x00000000a7f00000, 0x00000000e0000000)
  object space 130048K, 48% used [0x00000000a0000000,0x00000000a3d707a8,0x00000000a7f00000)
 Metaspace       used 91465K, capacity 96354K, committed 96512K, reserved 1134592K
  class space    used 11304K, capacity 12200K, committed 12288K, reserved 1048576K
Event: 4932.487 GC heap after
Heap after GC invocations=25 (full 3):
 PSYoungGen      total 348160K, used 35326K [0x00000000e0000000, 0x00000000f9700000, 0x0000000100000000)
  eden space 304128K, 0% used [0x00000000e0000000,0x00000000e0000000,0x00000000f2900000)
  from space 44032K, 80% used [0x00000000f6c00000,0x00000000f8e7fa68,0x00000000f9700000)
  to   space 56320K, 0% used [0x00000000f2900000,0x00000000f2900000,0x00000000f6000000)
 ParOldGen       total 130048K, used 62913K [0x00000000a0000000, 0x00000000a7f00000, 0x00000000e0000000)
  object space 130048K, 48% used [0x00000000a0000000,0x00000000a3d707a8,0x00000000a7f00000)
 Metaspace       used 91465K, capacity 96354K, committed 96512K, reserved 1134592K
  class space    used 11304K, capacity 12200K, committed 12288K, reserved 1048576K
}
Event: 5352.290 GC heap before
{Heap before GC invocations=26 (full 3):
 PSYoungGen      total 348160K, used 275925K [0x00000000e0000000, 0x00000000f9700000, 0x0000000100000000)
  eden space 304128K, 79% used [0x00000000e0000000,0x00000000eeaf5d70,0x00000000f2900000)
  from space 44032K, 80% used [0x00000000f6c00000,0x00000000f8e7fa68,0x00000000f9700000)
  to   space 56320K, 0% used [0x00000000f2900000,0x00000000f2900000,0x00000000f6000000)
 ParOldGen       total 130048K, used 62913K [0x00000000a0000000, 0x00000000a7f00000, 0x00000000e0000000)
  object space 130048K, 48% used [0x00000000a0000000,0x00000000a3d707a8,0x00000000a7f00000)
 Metaspace       used 92352K, capacity 98292K, committed 98348K, reserved 1134592K
  class space    used 11461K, capacity 12491K, committed 12544K, reserved 1048576K
Event: 5352.401 GC heap after
Heap after GC invocations=26 (full 3):
 PSYoungGen      total 324608K, used 32209K [0x00000000e0000000, 0x00000000f8880000, 0x0000000100000000)
  eden space 292352K, 0% used [0x00000000e0000000,0x00000000e0000000,0x00000000f1d80000)
  from space 32256K, 99% used [0x00000000f2900000,0x00000000f48744a0,0x00000000f4880000)
  to   space 54784K, 0% used [0x00000000f5300000,0x00000000f5300000,0x00000000f8880000)
 ParOldGen       total 130048K, used 62921K [0x00000000a0000000, 0x00000000a7f00000, 0x00000000e0000000)
  object space 130048K, 48% used [0x00000000a0000000,0x00000000a3d727a8,0x00000000a7f00000)
 Metaspace       used 92352K, capacity 98292K, committed 98348K, reserved 1134592K
  class space    used 11461K, capacity 12491K, committed 12544K, reserved 1048576K
}
Event: 5352.401 GC heap before
{Heap before GC invocations=27 (full 4):
 PSYoungGen      total 324608K, used 32209K [0x00000000e0000000, 0x00000000f8880000, 0x0000000100000000)
  eden space 292352K, 0% used [0x00000000e0000000,0x00000000e0000000,0x00000000f1d80000)
  from space 32256K, 99% used [0x00000000f2900000,0x00000000f48744a0,0x00000000f4880000)
  to   space 54784K, 0% used [0x00000000f5300000,0x00000000f5300000,0x00000000f8880000)
 ParOldGen       total 130048K, used 62921K [0x00000000a0000000, 0x00000000a7f00000, 0x00000000e0000000)
  object space 130048K, 48% used [0x00000000a0000000,0x00000000a3d727a8,0x00000000a7f00000)
 Metaspace       used 92352K, capacity 98292K, committed 98348K, reserved 1134592K
  class space    used 11461K, capacity 12491K, committed 12544K, reserved 1048576K
Event: 5353.037 GC heap after
Heap after GC invocations=27 (full 4):
 PSYoungGen      total 324608K, used 0K [0x00000000e0000000, 0x00000000f8880000, 0x0000000100000000)
  eden space 292352K, 0% used [0x00000000e0000000,0x00000000e0000000,0x00000000f1d80000)
  from space 32256K, 0% used [0x00000000f2900000,0x00000000f2900000,0x00000000f4880000)
  to   space 54784K, 0% used [0x00000000f5300000,0x00000000f5300000,0x00000000f8880000)
 ParOldGen       total 194048K, used 57956K [0x00000000a0000000, 0x00000000abd80000, 0x00000000e0000000)
  object space 194048K, 29% used [0x00000000a0000000,0x00000000a38990b0,0x00000000abd80000)
 Metaspace       used 91679K, capacity 97014K, committed 98348K, reserved 1134592K
  class space    used 11318K, capacity 12220K, committed 12544K, reserved 1048576K
}
Event: 5488.005 GC heap before
{Heap before GC invocations=28 (full 4):
 PSYoungGen      total 324608K, used 292352K [0x00000000e0000000, 0x00000000f8880000, 0x0000000100000000)
  eden space 292352K, 100% used [0x00000000e0000000,0x00000000f1d80000,0x00000000f1d80000)
  from space 32256K, 0% used [0x00000000f2900000,0x00000000f2900000,0x00000000f4880000)
  to   space 54784K, 0% used [0x00000000f5300000,0x00000000f5300000,0x00000000f8880000)
 ParOldGen       total 194048K, used 57956K [0x00000000a0000000, 0x00000000abd80000, 0x00000000e0000000)
  object space 194048K, 29% used [0x00000000a0000000,0x00000000a38990b0,0x00000000abd80000)
 Metaspace       used 91939K, capacity 97480K, committed 98348K, reserved 1134592K
  class space    used 11361K, capacity 12297K, committed 12544K, reserved 1048576K
Event: 5488.026 GC heap after
Heap after GC invocations=28 (full 4):
 PSYoungGen      total 346624K, used 9920K [0x00000000e0000000, 0x00000000f8e00000, 0x0000000100000000)
  eden space 291840K, 0% used [0x00000000e0000000,0x00000000e0000000,0x00000000f1d00000)
  from space 54784K, 18% used [0x00000000f5300000,0x00000000f5cb0040,0x00000000f8880000)
  to   space 55296K, 0% used [0x00000000f1d00000,0x00000000f1d00000,0x00000000f5300000)
 ParOldGen       total 194048K, used 57964K [0x00000000a0000000, 0x00000000abd80000, 0x00000000e0000000)
  object space 194048K, 29% used [0x00000000a0000000,0x00000000a389b0b0,0x00000000abd80000)
 Metaspace       used 91939K, capacity 97480K, committed 98348K, reserved 1134592K
  class space    used 11361K, capacity 12297K, committed 12544K, reserved 1048576K
}
Event: 6021.643 GC heap before
{Heap before GC invocations=29 (full 4):
 PSYoungGen      total 346624K, used 301760K [0x00000000e0000000, 0x00000000f8e00000, 0x0000000100000000)
  eden space 291840K, 100% used [0x00000000e0000000,0x00000000f1d00000,0x00000000f1d00000)
  from space 54784K, 18% used [0x00000000f5300000,0x00000000f5cb0040,0x00000000f8880000)
  to   space 55296K, 0% used [0x00000000f1d00000,0x00000000f1d00000,0x00000000f5300000)
 ParOldGen       total 194048K, used 57964K [0x00000000a0000000, 0x00000000abd80000, 0x00000000e0000000)
  object space 194048K, 29% used [0x00000000a0000000,0x00000000a389b0b0,0x00000000abd80000)
 Metaspace       used 92066K, capacity 97534K, committed 98348K, reserved 1134592K
  class space    used 11367K, capacity 12306K, committed 12544K, reserved 1048576K
Event: 6021.663 GC heap after
Heap after GC invocations=29 (full 4):
 PSYoungGen      total 347136K, used 6160K [0x00000000e0000000, 0x00000000f8d80000, 0x0000000100000000)
  eden space 291840K, 0% used [0x00000000e0000000,0x00000000e0000000,0x00000000f1d00000)
  from space 55296K, 11% used [0x00000000f1d00000,0x00000000f2304030,0x00000000f5300000)
  to   space 56320K, 0% used [0x00000000f5680000,0x00000000f5680000,0x00000000f8d80000)
 ParOldGen       total 194048K, used 57972K [0x00000000a0000000, 0x00000000abd80000, 0x00000000e0000000)
  object space 194048K, 29% used [0x00000000a0000000,0x00000000a389d0b0,0x00000000abd80000)
 Metaspace       used 92066K, capacity 97534K, committed 98348K, reserved 1134592K
  class space    used 11367K, capacity 12306K, committed 12544K, reserved 1048576K
}

