# JRE version: OpenJDK Runtime Environment (8.0_152-b01) (build 1.8.0_152-release-915-b01)
# Java VM: OpenJDK 64-Bit Server VM (25.152-b01 mixed mode windows-amd64 compressed oops)
Heap:
 PSYoungGen      total 474112K, used 61124K [0x00000000e0000000, 0x0000000100000000, 0x0000000100000000)
  eden space 439296K, 5% used [0x00000000e0000000,0x00000000e19b5618,0x00000000fad00000)
  from space 34816K, 99% used [0x00000000fdb00000,0x00000000ffcfba40,0x00000000ffd00000)
  to   space 42496K, 0% used [0x00000000fad00000,0x00000000fad00000,0x00000000fd680000)
 ParOldGen       total 232448K, used 99087K [0x00000000a0000000, 0x00000000ae300000, 0x00000000e0000000)
  object space 232448K, 42% used [0x00000000a0000000,0x00000000a60c3c38,0x00000000ae300000)
 Metaspace       used 101582K, capacity 108340K, committed 108620K, reserved 1142784K
  class space    used 12803K, capacity 14370K, committed 14464K, reserved 1048576K
GC Heap History (10 events):
Event: 6806.740 GC heap before
{Heap before GC invocations=30 (full 4):
 PSYoungGen      total 395776K, used 373424K [0x00000000e0000000, 0x00000000fe180000, 0x0000000100000000)
  eden space 363520K, 100% used [0x00000000e0000000,0x00000000f6300000,0x00000000f6300000)
  from space 32256K, 30% used [0x00000000f6300000,0x00000000f6cac110,0x00000000f8280000)
  to   space 31232K, 0% used [0x00000000fc300000,0x00000000fc300000,0x00000000fe180000)
 ParOldGen       total 232448K, used 84792K [0x00000000a0000000, 0x00000000ae300000, 0x00000000e0000000)
  object space 232448K, 36% used [0x00000000a0000000,0x00000000a52ce328,0x00000000ae300000)
 Metaspace       used 95557K, capacity 101206K, committed 102476K, reserved 1138688K
  class space    used 12118K, capacity 13444K, committed 13696K, reserved 1048576K
Event: 6806.786 GC heap after
Heap after GC invocations=30 (full 4):
 PSYoungGen      total 455168K, used 31226K [0x00000000e0000000, 0x00000000feb00000, 0x0000000100000000)
  eden space 423936K, 0% used [0x00000000e0000000,0x00000000e0000000,0x00000000f9e00000)
  from space 31232K, 99% used [0x00000000fc300000,0x00000000fe17eb28,0x00000000fe180000)
  to   space 37888K, 0% used [0x00000000f9e00000,0x00000000f9e00000,0x00000000fc300000)
 ParOldGen       total 232448K, used 90597K [0x00000000a0000000, 0x00000000ae300000, 0x00000000e0000000)
  object space 232448K, 38% used [0x00000000a0000000,0x00000000a58796a8,0x00000000ae300000)
 Metaspace       used 95557K, capacity 101206K, committed 102476K, reserved 1138688K
  class space    used 12118K, capacity 13444K, committed 13696K, reserved 1048576K
}
Event: 6847.641 GC heap before
{Heap before GC invocations=31 (full 4):
 PSYoungGen      total 455168K, used 455162K [0x00000000e0000000, 0x00000000feb00000, 0x0000000100000000)
  eden space 423936K, 100% used [0x00000000e0000000,0x00000000f9e00000,0x00000000f9e00000)
  from space 31232K, 99% used [0x00000000fc300000,0x00000000fe17eb28,0x00000000fe180000)
  to   space 37888K, 0% used [0x00000000f9e00000,0x00000000f9e00000,0x00000000fc300000)
 ParOldGen       total 232448K, used 90597K [0x00000000a0000000, 0x00000000ae300000, 0x00000000e0000000)
  object space 232448K, 38% used [0x00000000a0000000,0x00000000a58796a8,0x00000000ae300000)
 Metaspace       used 96909K, capacity 102560K, committed 103884K, reserved 1138688K
  class space    used 12263K, capacity 13591K, committed 13824K, reserved 1048576K
Event: 6847.654 GC heap after
Heap after GC invocations=31 (full 4):
 PSYoungGen      total 461824K, used 5121K [0x00000000e0000000, 0x0000000100000000, 0x0000000100000000)
  eden space 423936K, 0% used [0x00000000e0000000,0x00000000e0000000,0x00000000f9e00000)
  from space 37888K, 13% used [0x00000000f9e00000,0x00000000fa300450,0x00000000fc300000)
  to   space 37888K, 0% used [0x00000000fdb00000,0x00000000fdb00000,0x0000000100000000)
 ParOldGen       total 232448K, used 92421K [0x00000000a0000000, 0x00000000ae300000, 0x00000000e0000000)
  object space 232448K, 39% used [0x00000000a0000000,0x00000000a5a41570,0x00000000ae300000)
 Metaspace       used 96909K, capacity 102560K, committed 103884K, reserved 1138688K
  class space    used 12263K, capacity 13591K, committed 13824K, reserved 1048576K
}
Event: 10504.893 GC heap before
{Heap before GC invocations=32 (full 4):
 PSYoungGen      total 461824K, used 429057K [0x00000000e0000000, 0x0000000100000000, 0x0000000100000000)
  eden space 423936K, 100% used [0x00000000e0000000,0x00000000f9e00000,0x00000000f9e00000)
  from space 37888K, 13% used [0x00000000f9e00000,0x00000000fa300450,0x00000000fc300000)
  to   space 37888K, 0% used [0x00000000fdb00000,0x00000000fdb00000,0x0000000100000000)
 ParOldGen       total 232448K, used 92421K [0x00000000a0000000, 0x00000000ae300000, 0x00000000e0000000)
  object space 232448K, 39% used [0x00000000a0000000,0x00000000a5a41570,0x00000000ae300000)
 Metaspace       used 98022K, capacity 104018K, committed 104652K, reserved 1140736K
  class space    used 12470K, capacity 13906K, committed 14080K, reserved 1048576K
Event: 10504.907 GC heap after
Heap after GC invocations=32 (full 4):
 PSYoungGen      total 484352K, used 7809K [0x00000000e0000000, 0x00000000ffe00000, 0x0000000100000000)
  eden space 448512K, 0% used [0x00000000e0000000,0x00000000e0000000,0x00000000fb600000)
  from space 35840K, 21% used [0x00000000fdb00000,0x00000000fe2a0658,0x00000000ffe00000)
  to   space 36864K, 0% used [0x00000000fb600000,0x00000000fb600000,0x00000000fda00000)
 ParOldGen       total 232448K, used 93333K [0x00000000a0000000, 0x00000000ae300000, 0x00000000e0000000)
  object space 232448K, 40% used [0x00000000a0000000,0x00000000a5b255f8,0x00000000ae300000)
 Metaspace       used 98022K, capacity 104018K, committed 104652K, reserved 1140736K
  class space    used 12470K, capacity 13906K, committed 14080K, reserved 1048576K
}
Event: 15205.506 GC heap before
{Heap before GC invocations=33 (full 4):
 PSYoungGen      total 484352K, used 456321K [0x00000000e0000000, 0x00000000ffe00000, 0x0000000100000000)
  eden space 448512K, 100% used [0x00000000e0000000,0x00000000fb600000,0x00000000fb600000)
  from space 35840K, 21% used [0x00000000fdb00000,0x00000000fe2a0658,0x00000000ffe00000)
  to   space 36864K, 0% used [0x00000000fb600000,0x00000000fb600000,0x00000000fda00000)
 ParOldGen       total 232448K, used 93333K [0x00000000a0000000, 0x00000000ae300000, 0x00000000e0000000)
  object space 232448K, 40% used [0x00000000a0000000,0x00000000a5b255f8,0x00000000ae300000)
 Metaspace       used 99592K, capacity 106068K, committed 106316K, reserved 1140736K
  class space    used 12642K, capacity 14164K, committed 14208K, reserved 1048576K
Event: 15205.587 GC heap after
Heap after GC invocations=33 (full 4):
 PSYoungGen      total 485376K, used 12710K [0x00000000e0000000, 0x00000000ffd00000, 0x0000000100000000)
  eden space 448512K, 0% used [0x00000000e0000000,0x00000000e0000000,0x00000000fb600000)
  from space 36864K, 34% used [0x00000000fb600000,0x00000000fc269b88,0x00000000fda00000)
  to   space 34816K, 0% used [0x00000000fdb00000,0x00000000fdb00000,0x00000000ffd00000)
 ParOldGen       total 232448K, used 93341K [0x00000000a0000000, 0x00000000ae300000, 0x00000000e0000000)
  object space 232448K, 40% used [0x00000000a0000000,0x00000000a5b275f8,0x00000000ae300000)
 Metaspace       used 99592K, capacity 106068K, committed 106316K, reserved 1140736K
  class space    used 12642K, capacity 14164K, committed 14208K, reserved 1048576K
}
Event: 15345.347 GC heap before
{Heap before GC invocations=34 (full 4):
 PSYoungGen      total 485376K, used 461222K [0x00000000e0000000, 0x00000000ffd00000, 0x0000000100000000)
  eden space 448512K, 100% used [0x00000000e0000000,0x00000000fb600000,0x00000000fb600000)
  from space 36864K, 34% used [0x00000000fb600000,0x00000000fc269b88,0x00000000fda00000)
  to   space 34816K, 0% used [0x00000000fdb00000,0x00000000fdb00000,0x00000000ffd00000)
 ParOldGen       total 232448K, used 93341K [0x00000000a0000000, 0x00000000ae300000, 0x00000000e0000000)
  object space 232448K, 40% used [0x00000000a0000000,0x00000000a5b275f8,0x00000000ae300000)
 Metaspace       used 101549K, capacity 108328K, committed 108620K, reserved 1142784K
  class space    used 12802K, capacity 14368K, committed 14464K, reserved 1048576K
Event: 15345.447 GC heap after
Heap after GC invocations=34 (full 4):
 PSYoungGen      total 474112K, used 34798K [0x00000000e0000000, 0x0000000100000000, 0x0000000100000000)
  eden space 439296K, 0% used [0x00000000e0000000,0x00000000e0000000,0x00000000fad00000)
  from space 34816K, 99% used [0x00000000fdb00000,0x00000000ffcfba40,0x00000000ffd00000)
  to   space 42496K, 0% used [0x00000000fad00000,0x00000000fad00000,0x00000000fd680000)
 ParOldGen       total 232448K, used 99087K [0x00000000a0000000, 0x00000000ae300000, 0x00000000e0000000)
  object space 232448K, 42% used [0x00000000a0000000,0x00000000a60c3c38,0x00000000ae300000)
 Metaspace       used 101549K, capacity 108328K, committed 108620K, reserved 1142784K
  class space    used 12802K, capacity 14368K, committed 14464K, reserved 1048576K
}

